Determining if the pthread_create exist failed with the following output:
Change Dir: /home/noah/projects/nmbot/ws/build/CMakeFiles/CMakeTmp

Run Build Command:"/usr/bin/make" "cmTC_97149/fast"
/usr/bin/make -f CMakeFiles/cmTC_97149.dir/build.make CMakeFiles/cmTC_97149.dir/build
make[1]: Entering directory '/home/noah/projects/nmbot/ws/build/CMakeFiles/CMakeTmp'
Building C object CMakeFiles/cmTC_97149.dir/CheckSymbolExists.c.o
/usr/bin/cc     -o CMakeFiles/cmTC_97149.dir/CheckSymbolExists.c.o   -c /home/noah/projects/nmbot/ws/build/CMakeFiles/CMakeTmp/CheckSymbolExists.c
Linking C executable cmTC_97149
/usr/bin/cmake -E cmake_link_script CMakeFiles/cmTC_97149.dir/link.txt --verbose=1
/usr/bin/cc       CMakeFiles/cmTC_97149.dir/CheckSymbolExists.c.o  -o cmTC_97149 -rdynamic 
CMakeFiles/cmTC_97149.dir/CheckSymbolExists.c.o: In function `main':
CheckSymbolExists.c:(.text+0x16): undefined reference to `pthread_create'
collect2: error: ld returned 1 exit status
CMakeFiles/cmTC_97149.dir/build.make:97: recipe for target 'cmTC_97149' failed
make[1]: *** [cmTC_97149] Error 1
make[1]: Leaving directory '/home/noah/projects/nmbot/ws/build/CMakeFiles/CMakeTmp'
Makefile:126: recipe for target 'cmTC_97149/fast' failed
make: *** [cmTC_97149/fast] Error 2

File /home/noah/projects/nmbot/ws/build/CMakeFiles/CMakeTmp/CheckSymbolExists.c:
/* */
#include <pthread.h>

int main(int argc, char** argv)
{
  (void)argv;
#ifndef pthread_create
  return ((int*)(&pthread_create))[argc];
#else
  (void)argc;
  return 0;
#endif
}

Determining if the function pthread_create exists in the pthreads failed with the following output:
Change Dir: /home/noah/projects/nmbot/ws/build/CMakeFiles/CMakeTmp

Run Build Command:"/usr/bin/make" "cmTC_61cf1/fast"
/usr/bin/make -f CMakeFiles/cmTC_61cf1.dir/build.make CMakeFiles/cmTC_61cf1.dir/build
make[1]: Entering directory '/home/noah/projects/nmbot/ws/build/CMakeFiles/CMakeTmp'
Building C object CMakeFiles/cmTC_61cf1.dir/CheckFunctionExists.c.o
/usr/bin/cc    -DCHECK_FUNCTION_EXISTS=pthread_create   -o CMakeFiles/cmTC_61cf1.dir/CheckFunctionExists.c.o   -c /usr/share/cmake-3.5/Modules/CheckFunctionExists.c
Linking C executable cmTC_61cf1
/usr/bin/cmake -E cmake_link_script CMakeFiles/cmTC_61cf1.dir/link.txt --verbose=1
/usr/bin/cc   -DCHECK_FUNCTION_EXISTS=pthread_create    CMakeFiles/cmTC_61cf1.dir/CheckFunctionExists.c.o  -o cmTC_61cf1 -rdynamic -lpthreads 
/usr/bin/ld: cannot find -lpthreads
collect2: error: ld returned 1 exit status
CMakeFiles/cmTC_61cf1.dir/build.make:97: recipe for target 'cmTC_61cf1' failed
make[1]: *** [cmTC_61cf1] Error 1
make[1]: Leaving directory '/home/noah/projects/nmbot/ws/build/CMakeFiles/CMakeTmp'
Makefile:126: recipe for target 'cmTC_61cf1/fast' failed
make: *** [cmTC_61cf1/fast] Error 2


